FILE_TYPE=LIBRARY_PARTS;
PRIMITIVE 'APHHS1005LQBC_D_V','APHHS1005LQBC_D_V_Other';
  PIN
    'K':
      PIN_NUMBER='(1)';
      NO_LOAD_CHECK=BOTH;
      NO_IO_CHECK=BOTH;
      ALLOW_CONNECT=TRUE;
      PINUSE='UNSPEC';
    'A':
      PIN_NUMBER='(2)';
      NO_LOAD_CHECK=BOTH;
      NO_IO_CHECK=BOTH;
      ALLOW_CONNECT=TRUE;
      PINUSE='UNSPEC';
  END_PIN;
  BODY
    PART_NAME='APHHS1005LQBC_D_V';
    PHYS_DES_PREFIX='LED';
    NO_LOAD_CHECK='TRUE';
    PIN_COUNT='2';
    BODY_NAME='APHHS1005LQBC_D_V';
    JEDEC_TYPE='APHHS1005LQBCDV';
  END_BODY;
END_PRIMITIVE;
END.
