FILE_TYPE=LIBRARY_PARTS;
PRIMITIVE 'CY8C5868LTI_LP039','CY8C5868LTI_LP039_Quad Flat No-Lead';
  PIN
    '(TRACEDATA[2]_GPIO)_P2[6]':
      PIN_NUMBER='(1)';
      NO_LOAD_CHECK=BOTH;
      NO_IO_CHECK=BOTH;
      ALLOW_CONNECT=TRUE;
      PINUSE='UNSPEC';
    '(TRACEDATA[3]_GPIO)_P2[7]':
      PIN_NUMBER='(2)';
      NO_LOAD_CHECK=BOTH;
      NO_IO_CHECK=BOTH;
      ALLOW_CONNECT=TRUE;
      PINUSE='UNSPEC';
    '(I2C0:_SCL_SIO)_P12[4]':
      PIN_NUMBER='(3)';
      NO_LOAD_CHECK=BOTH;
      NO_IO_CHECK=BOTH;
      ALLOW_CONNECT=TRUE;
      PINUSE='UNSPEC';
    '(I2C0:_SDA_SIO)_P12[5]':
      PIN_NUMBER='(4)';
      NO_LOAD_CHECK=BOTH;
      NO_IO_CHECK=BOTH;
      ALLOW_CONNECT=TRUE;
      PINUSE='UNSPEC';
    'VSSB':
      PIN_NUMBER='(5)';
      NO_LOAD_CHECK=BOTH;
      NO_IO_CHECK=BOTH;
      ALLOW_CONNECT=TRUE;
      PINUSE='UNSPEC';
    'IND':
      PIN_NUMBER='(6)';
      NO_LOAD_CHECK=BOTH;
      NO_IO_CHECK=BOTH;
      ALLOW_CONNECT=TRUE;
      PINUSE='UNSPEC';
    'VBOOST':
      PIN_NUMBER='(7)';
      NO_LOAD_CHECK=BOTH;
      NO_IO_CHECK=BOTH;
      ALLOW_CONNECT=TRUE;
      PINUSE='UNSPEC';
    'VBAT':
      PIN_NUMBER='(8)';
      NO_LOAD_CHECK=BOTH;
      NO_IO_CHECK=BOTH;
      ALLOW_CONNECT=TRUE;
      PINUSE='UNSPEC';
    'VSSD_1':
      PIN_NUMBER='(9)';
      NO_LOAD_CHECK=BOTH;
      NO_IO_CHECK=BOTH;
      ALLOW_CONNECT=TRUE;
      PINUSE='UNSPEC';
    'XRES*':
      PIN_NUMBER='(10)';
      NO_LOAD_CHECK=BOTH;
      NO_IO_CHECK=BOTH;
      ALLOW_CONNECT=TRUE;
      PINUSE='UNSPEC';
    '(TMS_SWDIO_GPIO)_P1[0]':
      PIN_NUMBER='(11)';
      NO_LOAD_CHECK=BOTH;
      NO_IO_CHECK=BOTH;
      ALLOW_CONNECT=TRUE;
      PINUSE='UNSPEC';
    '(TCK_SWDCK_GPIO)_P1[1]':
      PIN_NUMBER='(12)';
      NO_LOAD_CHECK=BOTH;
      NO_IO_CHECK=BOTH;
      ALLOW_CONNECT=TRUE;
      PINUSE='UNSPEC';
    '(CONFIGURABLE_XRES_GPIO)_P1[2]*':
      PIN_NUMBER='(13)';
      NO_LOAD_CHECK=BOTH;
      NO_IO_CHECK=BOTH;
      ALLOW_CONNECT=TRUE;
      PINUSE='UNSPEC';
    '(TDO_SWV_GPIO)_P1[3]':
      PIN_NUMBER='(14)';
      NO_LOAD_CHECK=BOTH;
      NO_IO_CHECK=BOTH;
      ALLOW_CONNECT=TRUE;
      PINUSE='UNSPEC';
    '(TDI_GPIO)_P1[4]':
      PIN_NUMBER='(15)';
      NO_LOAD_CHECK=BOTH;
      NO_IO_CHECK=BOTH;
      ALLOW_CONNECT=TRUE;
      PINUSE='UNSPEC';
    '(NTRST_GPIO)_P1[5]':
      PIN_NUMBER='(16)';
      NO_LOAD_CHECK=BOTH;
      NO_IO_CHECK=BOTH;
      ALLOW_CONNECT=TRUE;
      PINUSE='UNSPEC';
    'VDDIO1':
      PIN_NUMBER='(17)';
      NO_LOAD_CHECK=BOTH;
      NO_IO_CHECK=BOTH;
      ALLOW_CONNECT=TRUE;
      PINUSE='UNSPEC';
    '(GPIO)_P1[6]':
      PIN_NUMBER='(18)';
      NO_LOAD_CHECK=BOTH;
      NO_IO_CHECK=BOTH;
      ALLOW_CONNECT=TRUE;
      PINUSE='UNSPEC';
    '(GPIO)_P1[7]':
      PIN_NUMBER='(19)';
      NO_LOAD_CHECK=BOTH;
      NO_IO_CHECK=BOTH;
      ALLOW_CONNECT=TRUE;
      PINUSE='UNSPEC';
    '(SIO)_P12[6]':
      PIN_NUMBER='(20)';
      NO_LOAD_CHECK=BOTH;
      NO_IO_CHECK=BOTH;
      ALLOW_CONNECT=TRUE;
      PINUSE='UNSPEC';
    '(SIO)_P12[7]':
      PIN_NUMBER='(21)';
      NO_LOAD_CHECK=BOTH;
      NO_IO_CHECK=BOTH;
      ALLOW_CONNECT=TRUE;
      PINUSE='UNSPEC';
    '(USBIO_D+_SWDIO)_P15[6]':
      PIN_NUMBER='(22)';
      NO_LOAD_CHECK=BOTH;
      NO_IO_CHECK=BOTH;
      ALLOW_CONNECT=TRUE;
      PINUSE='UNSPEC';
    '(USBIO_D-_SWDCK)_P15[7]':
      PIN_NUMBER='(23)';
      NO_LOAD_CHECK=BOTH;
      NO_IO_CHECK=BOTH;
      ALLOW_CONNECT=TRUE;
      PINUSE='UNSPEC';
    'VDDD_1':
      PIN_NUMBER='(24)';
      NO_LOAD_CHECK=BOTH;
      NO_IO_CHECK=BOTH;
      ALLOW_CONNECT=TRUE;
      PINUSE='UNSPEC';
    'VSSD_2':
      PIN_NUMBER='(25)';
      NO_LOAD_CHECK=BOTH;
      NO_IO_CHECK=BOTH;
      ALLOW_CONNECT=TRUE;
      PINUSE='UNSPEC';
    'VCCD_1':
      PIN_NUMBER='(26)';
      NO_LOAD_CHECK=BOTH;
      NO_IO_CHECK=BOTH;
      ALLOW_CONNECT=TRUE;
      PINUSE='UNSPEC';
    '(MHZ_XTAL:_XO_GPIO)_P15[0]':
      PIN_NUMBER='(27)';
      NO_LOAD_CHECK=BOTH;
      NO_IO_CHECK=BOTH;
      ALLOW_CONNECT=TRUE;
      PINUSE='UNSPEC';
    '(MHZ_XTAL:_XI_GPIO)_P15[1]':
      PIN_NUMBER='(28)';
      NO_LOAD_CHECK=BOTH;
      NO_IO_CHECK=BOTH;
      ALLOW_CONNECT=TRUE;
      PINUSE='UNSPEC';
    '(IDAC1_GPIO)_P3[0]':
      PIN_NUMBER='(29)';
      NO_LOAD_CHECK=BOTH;
      NO_IO_CHECK=BOTH;
      ALLOW_CONNECT=TRUE;
      PINUSE='UNSPEC';
    '(IDAC3_GPIO)_P3[1]':
      PIN_NUMBER='(30)';
      NO_LOAD_CHECK=BOTH;
      NO_IO_CHECK=BOTH;
      ALLOW_CONNECT=TRUE;
      PINUSE='UNSPEC';
    '(OPAMP3-_EXTREF1_GPIO)_P3[2]':
      PIN_NUMBER='(31)';
      NO_LOAD_CHECK=BOTH;
      NO_IO_CHECK=BOTH;
      ALLOW_CONNECT=TRUE;
      PINUSE='UNSPEC';
    '(OPAMP3+_GPIO)_P3[3]':
      PIN_NUMBER='(32)';
      NO_LOAD_CHECK=BOTH;
      NO_IO_CHECK=BOTH;
      ALLOW_CONNECT=TRUE;
      PINUSE='UNSPEC';
    '(OPAMP1-_GPIO)_P3[4]':
      PIN_NUMBER='(33)';
      NO_LOAD_CHECK=BOTH;
      NO_IO_CHECK=BOTH;
      ALLOW_CONNECT=TRUE;
      PINUSE='UNSPEC';
    '(OPAMP1+_GPIO)_P3[5]':
      PIN_NUMBER='(34)';
      NO_LOAD_CHECK=BOTH;
      NO_IO_CHECK=BOTH;
      ALLOW_CONNECT=TRUE;
      PINUSE='UNSPEC';
    'P0[3]_(GPIO_OPAMP0-_EXTREF0)':
      PIN_NUMBER='(51)';
      NO_LOAD_CHECK=BOTH;
      NO_IO_CHECK=BOTH;
      ALLOW_CONNECT=TRUE;
      PINUSE='UNSPEC';
    'P0[2]_(GPIO_OPAMP0+_SAR1_EXTREF)':
      PIN_NUMBER='(50)';
      NO_LOAD_CHECK=BOTH;
      NO_IO_CHECK=BOTH;
      ALLOW_CONNECT=TRUE;
      PINUSE='UNSPEC';
    'P0[1]_(GPIO_OPAMP0OUT)':
      PIN_NUMBER='(49)';
      NO_LOAD_CHECK=BOTH;
      NO_IO_CHECK=BOTH;
      ALLOW_CONNECT=TRUE;
      PINUSE='UNSPEC';
    'P0[0]_(GPIO_OPAMP2OUT)':
      PIN_NUMBER='(48)';
      NO_LOAD_CHECK=BOTH;
      NO_IO_CHECK=BOTH;
      ALLOW_CONNECT=TRUE;
      PINUSE='UNSPEC';
    'P12[3]_(SIO)':
      PIN_NUMBER='(47)';
      NO_LOAD_CHECK=BOTH;
      NO_IO_CHECK=BOTH;
      ALLOW_CONNECT=TRUE;
      PINUSE='UNSPEC';
    'P12[2]_(SIO)':
      PIN_NUMBER='(46)';
      NO_LOAD_CHECK=BOTH;
      NO_IO_CHECK=BOTH;
      ALLOW_CONNECT=TRUE;
      PINUSE='UNSPEC';
    'VSSD_3':
      PIN_NUMBER='(45)';
      NO_LOAD_CHECK=BOTH;
      NO_IO_CHECK=BOTH;
      ALLOW_CONNECT=TRUE;
      PINUSE='UNSPEC';
    'VDDA':
      PIN_NUMBER='(44)';
      NO_LOAD_CHECK=BOTH;
      NO_IO_CHECK=BOTH;
      ALLOW_CONNECT=TRUE;
      PINUSE='UNSPEC';
    'VSSA':
      PIN_NUMBER='(43)';
      NO_LOAD_CHECK=BOTH;
      NO_IO_CHECK=BOTH;
      ALLOW_CONNECT=TRUE;
      PINUSE='UNSPEC';
    'VCCA':
      PIN_NUMBER='(42)';
      NO_LOAD_CHECK=BOTH;
      NO_IO_CHECK=BOTH;
      ALLOW_CONNECT=TRUE;
      PINUSE='UNSPEC';
    'P15[3]_(GPIO_KHZ_XTAL:_XI)':
      PIN_NUMBER='(41)';
      NO_LOAD_CHECK=BOTH;
      NO_IO_CHECK=BOTH;
      ALLOW_CONNECT=TRUE;
      PINUSE='UNSPEC';
    'P15[2]_(GPIO_KHZ_XTAL:_XO)':
      PIN_NUMBER='(40)';
      NO_LOAD_CHECK=BOTH;
      NO_IO_CHECK=BOTH;
      ALLOW_CONNECT=TRUE;
      PINUSE='UNSPEC';
    'P12[1]_(SIO_I2C1:_SDA)':
      PIN_NUMBER='(39)';
      NO_LOAD_CHECK=BOTH;
      NO_IO_CHECK=BOTH;
      ALLOW_CONNECT=TRUE;
      PINUSE='UNSPEC';
    'P12[0]_(SIO_12C1:_SCL)':
      PIN_NUMBER='(38)';
      NO_LOAD_CHECK=BOTH;
      NO_IO_CHECK=BOTH;
      ALLOW_CONNECT=TRUE;
      PINUSE='UNSPEC';
    'P3[7]_(GPIO_OPAMP3OUT)':
      PIN_NUMBER='(37)';
      NO_LOAD_CHECK=BOTH;
      NO_IO_CHECK=BOTH;
      ALLOW_CONNECT=TRUE;
      PINUSE='UNSPEC';
    'P3[6]_(GPIO_OPAMP1OUT)':
      PIN_NUMBER='(36)';
      NO_LOAD_CHECK=BOTH;
      NO_IO_CHECK=BOTH;
      ALLOW_CONNECT=TRUE;
      PINUSE='UNSPEC';
    'VDDIO3':
      PIN_NUMBER='(35)';
      NO_LOAD_CHECK=BOTH;
      NO_IO_CHECK=BOTH;
      ALLOW_CONNECT=TRUE;
      PINUSE='UNSPEC';
    'EP':
      PIN_NUMBER='(69)';
      NO_LOAD_CHECK=BOTH;
      NO_IO_CHECK=BOTH;
      ALLOW_CONNECT=TRUE;
      PINUSE='UNSPEC';
    'P2[5]_(GPIO_TRACEDATA[1])':
      PIN_NUMBER='(68)';
      NO_LOAD_CHECK=BOTH;
      NO_IO_CHECK=BOTH;
      ALLOW_CONNECT=TRUE;
      PINUSE='UNSPEC';
    'VDDIO2':
      PIN_NUMBER='(67)';
      NO_LOAD_CHECK=BOTH;
      NO_IO_CHECK=BOTH;
      ALLOW_CONNECT=TRUE;
      PINUSE='UNSPEC';
    'P2[4]_(GPIO_TRACEDATA[0])':
      PIN_NUMBER='(66)';
      NO_LOAD_CHECK=BOTH;
      NO_IO_CHECK=BOTH;
      ALLOW_CONNECT=TRUE;
      PINUSE='UNSPEC';
    'P2[3]_(GPIO_TRACECLK)':
      PIN_NUMBER='(65)';
      NO_LOAD_CHECK=BOTH;
      NO_IO_CHECK=BOTH;
      ALLOW_CONNECT=TRUE;
      PINUSE='UNSPEC';
    'P2[2]_(GPIO)':
      PIN_NUMBER='(64)';
      NO_LOAD_CHECK=BOTH;
      NO_IO_CHECK=BOTH;
      ALLOW_CONNECT=TRUE;
      PINUSE='UNSPEC';
    'P2[1]_(GPIO)':
      PIN_NUMBER='(63)';
      NO_LOAD_CHECK=BOTH;
      NO_IO_CHECK=BOTH;
      ALLOW_CONNECT=TRUE;
      PINUSE='UNSPEC';
    'P2[0]_(GPIO)':
      PIN_NUMBER='(62)';
      NO_LOAD_CHECK=BOTH;
      NO_IO_CHECK=BOTH;
      ALLOW_CONNECT=TRUE;
      PINUSE='UNSPEC';
    'P15[5]_(GPOI)':
      PIN_NUMBER='(61)';
      NO_LOAD_CHECK=BOTH;
      NO_IO_CHECK=BOTH;
      ALLOW_CONNECT=TRUE;
      PINUSE='UNSPEC';
    'P15[4]_(GPIO)':
      PIN_NUMBER='(60)';
      NO_LOAD_CHECK=BOTH;
      NO_IO_CHECK=BOTH;
      ALLOW_CONNECT=TRUE;
      PINUSE='UNSPEC';
    'VDDD_2':
      PIN_NUMBER='(59)';
      NO_LOAD_CHECK=BOTH;
      NO_IO_CHECK=BOTH;
      ALLOW_CONNECT=TRUE;
      PINUSE='UNSPEC';
    'VSSD_4':
      PIN_NUMBER='(58)';
      NO_LOAD_CHECK=BOTH;
      NO_IO_CHECK=BOTH;
      ALLOW_CONNECT=TRUE;
      PINUSE='UNSPEC';
    'VCCD_2':
      PIN_NUMBER='(57)';
      NO_LOAD_CHECK=BOTH;
      NO_IO_CHECK=BOTH;
      ALLOW_CONNECT=TRUE;
      PINUSE='UNSPEC';
    'P0[7]_(GPIO_IDAC2)':
      PIN_NUMBER='(56)';
      NO_LOAD_CHECK=BOTH;
      NO_IO_CHECK=BOTH;
      ALLOW_CONNECT=TRUE;
      PINUSE='UNSPEC';
    'P0[6]_(GPIO_IDAC0)':
      PIN_NUMBER='(55)';
      NO_LOAD_CHECK=BOTH;
      NO_IO_CHECK=BOTH;
      ALLOW_CONNECT=TRUE;
      PINUSE='UNSPEC';
    'P0[5]_(GPIO_OPAMP2-)':
      PIN_NUMBER='(54)';
      NO_LOAD_CHECK=BOTH;
      NO_IO_CHECK=BOTH;
      ALLOW_CONNECT=TRUE;
      PINUSE='UNSPEC';
    'P0[4]_(GPIO_OPAMP2+_SAR0_EXTREF)':
      PIN_NUMBER='(53)';
      NO_LOAD_CHECK=BOTH;
      NO_IO_CHECK=BOTH;
      ALLOW_CONNECT=TRUE;
      PINUSE='UNSPEC';
    'VDDIO0':
      PIN_NUMBER='(52)';
      NO_LOAD_CHECK=BOTH;
      NO_IO_CHECK=BOTH;
      ALLOW_CONNECT=TRUE;
      PINUSE='UNSPEC';
  END_PIN;
  BODY
    PART_NAME='CY8C5868LTI_LP039';
    PHYS_DES_PREFIX='IC';
    NO_LOAD_CHECK='TRUE';
    PIN_COUNT='69';
    BODY_NAME='CY8C5868LTI_LP039';
    JEDEC_TYPE='QFN40P800X800X100-69N-D';
  END_BODY;
END_PRIMITIVE;
END.
