FILE_TYPE=LIBRARY_PARTS;
PRIMITIVE 'ESD5V3U2U03FH6327XTSA1','ESD5V3U2U03FH6327XTSA1_SO Transistor Flat Lead';
  PIN
    'A/K_1':
      PIN_NUMBER='(1)';
      NO_LOAD_CHECK=BOTH;
      NO_IO_CHECK=BOTH;
      ALLOW_CONNECT=TRUE;
      PINUSE='UNSPEC';
    'A/K_2':
      PIN_NUMBER='(2)';
      NO_LOAD_CHECK=BOTH;
      NO_IO_CHECK=BOTH;
      ALLOW_CONNECT=TRUE;
      PINUSE='UNSPEC';
    'COM':
      PIN_NUMBER='(3)';
      NO_LOAD_CHECK=BOTH;
      NO_IO_CHECK=BOTH;
      ALLOW_CONNECT=TRUE;
      PINUSE='UNSPEC';
  END_PIN;
  BODY
    PART_NAME='ESD5V3U2U03FH6327XTSA1';
    PHYS_DES_PREFIX='D';
    NO_LOAD_CHECK='TRUE';
    PIN_COUNT='3';
    BODY_NAME='ESD5V3U2U03FH6327XTSA1';
    JEDEC_TYPE='SOTFL40P120X59-3N';
  END_BODY;
END_PRIMITIVE;
END.
