FILE_TYPE=LIBRARY_PARTS;
PRIMITIVE 'SMD_3225_4P_12.288MHZ_12PF_10PPM__40~_85','SMD_3225_4P_12.288MHZ_12PF_10PPM__40~_85_Other';
  PIN
    'CRYSTAL_1':
      PIN_NUMBER='(1)';
      NO_LOAD_CHECK=BOTH;
      NO_IO_CHECK=BOTH;
      ALLOW_CONNECT=TRUE;
      PINUSE='UNSPEC';
    'GND_1':
      PIN_NUMBER='(2)';
      NO_LOAD_CHECK=BOTH;
      NO_IO_CHECK=BOTH;
      ALLOW_CONNECT=TRUE;
      PINUSE='UNSPEC';
    'CRYSTAL_2':
      PIN_NUMBER='(3)';
      NO_LOAD_CHECK=BOTH;
      NO_IO_CHECK=BOTH;
      ALLOW_CONNECT=TRUE;
      PINUSE='UNSPEC';
    'GND_2':
      PIN_NUMBER='(4)';
      NO_LOAD_CHECK=BOTH;
      NO_IO_CHECK=BOTH;
      ALLOW_CONNECT=TRUE;
      PINUSE='UNSPEC';
  END_PIN;
  BODY
    PART_NAME='SMD_3225_4P_12.288MHZ_12PF_10PPM__40~_85';
    PHYS_DES_PREFIX='Y';
    NO_LOAD_CHECK='TRUE';
    PIN_COUNT='4';
    BODY_NAME='SMD_3225_4P_12.288MHZ_12PF_10PPM__40~_85';
    JEDEC_TYPE='SMD3225_4P12288MHZ12PF10PPM4085';
  END_BODY;
END_PRIMITIVE;
END.
